<?xml version="1.0" encoding="UTF-8"?>
<testng-results ignored="0" total="6" passed="5" failed="1" skipped="0">
  <reporter-output>
  </reporter-output>
  <suite started-at="2018-01-17T07:41:53Z" name="Command line suite" finished-at="2018-01-17T07:43:44Z" duration-ms="110692">
    <groups>
    </groups>
    <test started-at="2018-01-17T07:41:53Z" name="Command line test" finished-at="2018-01-17T07:43:44Z" duration-ms="110692">
      <class name="com.seller.qa.tests.LoginPageTest">
        <test-method is-config="true" signature="setup()[pri:0, instance:com.seller.qa.tests.LoginPageTest@31c88ec8]" started-at="2018-01-17T13:13:17Z" name="setup" finished-at="2018-01-17T13:13:27Z" duration-ms="9773" status="PASS">
          <reporter-output>
          </reporter-output>
        </test-method> <!-- setup -->
        <test-method signature="loginTest()[pri:1, instance:com.seller.qa.tests.LoginPageTest@31c88ec8]" started-at="2018-01-17T13:13:27Z" name="loginTest" finished-at="2018-01-17T13:13:32Z" duration-ms="5155" status="PASS">
          <reporter-output>
          </reporter-output>
        </test-method> <!-- loginTest -->
        <test-method is-config="true" signature="teardown()[pri:0, instance:com.seller.qa.tests.LoginPageTest@31c88ec8]" started-at="2018-01-17T13:13:32Z" name="teardown" finished-at="2018-01-17T13:13:33Z" duration-ms="859" status="PASS">
          <reporter-output>
          </reporter-output>
        </test-method> <!-- teardown -->
        <test-method is-config="true" signature="setup()[pri:0, instance:com.seller.qa.tests.LoginPageTest@31c88ec8]" started-at="2018-01-17T13:13:33Z" name="setup" finished-at="2018-01-17T13:13:43Z" duration-ms="9699" status="PASS">
          <reporter-output>
          </reporter-output>
        </test-method> <!-- setup -->
        <test-method signature="loginPageTitleTest()[pri:2, instance:com.seller.qa.tests.LoginPageTest@31c88ec8]" started-at="2018-01-17T13:13:43Z" name="loginPageTitleTest" finished-at="2018-01-17T13:13:43Z" duration-ms="85" status="PASS">
          <reporter-output>
          </reporter-output>
        </test-method> <!-- loginPageTitleTest -->
        <test-method is-config="true" signature="teardown()[pri:0, instance:com.seller.qa.tests.LoginPageTest@31c88ec8]" started-at="2018-01-17T13:13:43Z" name="teardown" finished-at="2018-01-17T13:13:44Z" duration-ms="818" status="PASS">
          <reporter-output>
          </reporter-output>
        </test-method> <!-- teardown -->
      </class> <!-- com.seller.qa.tests.LoginPageTest -->
      <class name="com.seller.qa.tests.HomePageTest">
        <test-method is-config="true" signature="setup()[pri:0, instance:com.seller.qa.tests.HomePageTest@3daa422a]" started-at="2018-01-17T13:12:26Z" name="setup" finished-at="2018-01-17T13:12:41Z" duration-ms="14807" status="PASS">
          <reporter-output>
          </reporter-output>
        </test-method> <!-- setup -->
        <test-method signature="homePageTitleTest()[pri:0, instance:com.seller.qa.tests.HomePageTest@3daa422a]" started-at="2018-01-17T13:12:41Z" name="homePageTitleTest" finished-at="2018-01-17T13:12:41Z" duration-ms="78" status="PASS">
          <reporter-output>
          </reporter-output>
        </test-method> <!-- homePageTitleTest -->
        <test-method is-config="true" signature="teardown()[pri:0, instance:com.seller.qa.tests.HomePageTest@3daa422a]" started-at="2018-01-17T13:12:41Z" name="teardown" finished-at="2018-01-17T13:12:42Z" duration-ms="871" status="PASS">
          <reporter-output>
          </reporter-output>
        </test-method> <!-- teardown -->
        <test-method is-config="true" signature="setup()[pri:0, instance:com.seller.qa.tests.HomePageTest@3daa422a]" started-at="2018-01-17T13:12:42Z" name="setup" finished-at="2018-01-17T13:12:56Z" duration-ms="14679" status="PASS">
          <reporter-output>
          </reporter-output>
        </test-method> <!-- setup -->
        <test-method signature="verifyUsernameTest()[pri:0, instance:com.seller.qa.tests.HomePageTest@3daa422a]" started-at="2018-01-17T13:12:56Z" name="verifyUsernameTest" finished-at="2018-01-17T13:12:56Z" duration-ms="225" status="PASS">
          <reporter-output>
          </reporter-output>
        </test-method> <!-- verifyUsernameTest -->
        <test-method is-config="true" signature="teardown()[pri:0, instance:com.seller.qa.tests.HomePageTest@3daa422a]" started-at="2018-01-17T13:12:56Z" name="teardown" finished-at="2018-01-17T13:12:57Z" duration-ms="817" status="PASS">
          <reporter-output>
          </reporter-output>
        </test-method> <!-- teardown -->
      </class> <!-- com.seller.qa.tests.HomePageTest -->
      <class name="com.seller.qa.tests.POListTest">
        <test-method is-config="true" signature="setup()[pri:0, instance:com.seller.qa.tests.POListTest@1cbbffcd]" started-at="2018-01-17T13:12:57Z" name="setup" finished-at="2018-01-17T13:13:14Z" duration-ms="16345" status="PASS">
          <reporter-output>
          </reporter-output>
        </test-method> <!-- setup -->
        <test-method signature="createPOTest()[pri:0, instance:com.seller.qa.tests.POListTest@1cbbffcd]" started-at="2018-01-17T13:13:14Z" name="createPOTest" finished-at="2018-01-17T13:13:17Z" duration-ms="3058" status="PASS">
          <reporter-output>
          </reporter-output>
        </test-method> <!-- createPOTest -->
        <test-method is-config="true" signature="teardown()[pri:0, instance:com.seller.qa.tests.POListTest@1cbbffcd]" started-at="2018-01-17T13:13:17Z" name="teardown" finished-at="2018-01-17T13:13:17Z" duration-ms="777" status="PASS">
          <reporter-output>
          </reporter-output>
        </test-method> <!-- teardown -->
      </class> <!-- com.seller.qa.tests.POListTest -->
      <class name="com.seller.qa.tests.CreatePODetailTest">
        <test-method is-config="true" signature="setup()[pri:0, instance:com.seller.qa.tests.CreatePODetailTest@72f926e6]" started-at="2018-01-17T13:11:53Z" name="setup" finished-at="2018-01-17T13:12:23Z" duration-ms="29848" status="PASS">
          <reporter-output>
          </reporter-output>
        </test-method> <!-- setup -->
        <test-method signature="fillcorrectpodetail()[pri:0, instance:com.seller.qa.tests.CreatePODetailTest@72f926e6]" started-at="2018-01-17T13:12:23Z" name="fillcorrectpodetail" finished-at="2018-01-17T13:12:25Z" duration-ms="1638" status="FAIL">
          <exception class="org.openqa.selenium.WebDriverException">
            <message>
              <![CDATA[unknown error: Element <button type="button" class="btn btn-addon btn-success" ng-click="uploader.uploadAll()" ng-disabled="!uploader.getNotUploadedItems().length" disabled="disabled">...</button> is not clickable at point (527, 572). Other element would receive the click: <p class="m-t pull-right">...</p>
  (Session info: chrome=63.0.3239.84)
  (Driver info: chromedriver=2.33.506120 (e3e53437346286c0bc2d2dc9aa4915ba81d9023f),platform=Windows NT 6.1.7601 SP1 x86_64) (WARNING: The server did not provide any stacktrace information)
Command duration or timeout: 0 milliseconds
Build info: version: '3.7.1', revision: '8a0099a', time: '2017-11-06T21:01:39.354Z'
System info: host: 'VARSHACHHILLER-', ip: '192.168.4.184', os.name: 'Windows 7', os.arch: 'amd64', os.version: '6.1', java.version: '9.0.1'
Driver info: org.openqa.selenium.chrome.ChromeDriver
Capabilities {acceptSslCerts: true, applicationCacheEnabled: false, browserConnectionEnabled: false, browserName: chrome, chrome: {chromedriverVersion: 2.33.506120 (e3e53437346286..., userDataDir: C:\Users\User1\AppData\Loca...}, cssSelectorsEnabled: true, databaseEnabled: false, handlesAlerts: true, hasTouchScreen: false, javascriptEnabled: true, locationContextEnabled: true, mobileEmulationEnabled: false, nativeEvents: true, networkConnectionEnabled: false, pageLoadStrategy: normal, platform: XP, platformName: XP, rotatable: false, setWindowRect: true, takesHeapSnapshot: true, takesScreenshot: true, unexpectedAlertBehaviour: , unhandledPromptBehavior: , version: 63.0.3239.84, webStorageEnabled: true}
Session ID: e7520d0f6ee7d85781382fd196895de5]]>
            </message>
            <full-stacktrace>
              <![CDATA[org.openqa.selenium.WebDriverException: unknown error: Element <button type="button" class="btn btn-addon btn-success" ng-click="uploader.uploadAll()" ng-disabled="!uploader.getNotUploadedItems().length" disabled="disabled">...</button> is not clickable at point (527, 572). Other element would receive the click: <p class="m-t pull-right">...</p>
  (Session info: chrome=63.0.3239.84)
  (Driver info: chromedriver=2.33.506120 (e3e53437346286c0bc2d2dc9aa4915ba81d9023f),platform=Windows NT 6.1.7601 SP1 x86_64) (WARNING: The server did not provide any stacktrace information)
Command duration or timeout: 0 milliseconds
Build info: version: '3.7.1', revision: '8a0099a', time: '2017-11-06T21:01:39.354Z'
System info: host: 'VARSHACHHILLER-', ip: '192.168.4.184', os.name: 'Windows 7', os.arch: 'amd64', os.version: '6.1', java.version: '9.0.1'
Driver info: org.openqa.selenium.chrome.ChromeDriver
Capabilities {acceptSslCerts: true, applicationCacheEnabled: false, browserConnectionEnabled: false, browserName: chrome, chrome: {chromedriverVersion: 2.33.506120 (e3e53437346286..., userDataDir: C:\Users\User1\AppData\Loca...}, cssSelectorsEnabled: true, databaseEnabled: false, handlesAlerts: true, hasTouchScreen: false, javascriptEnabled: true, locationContextEnabled: true, mobileEmulationEnabled: false, nativeEvents: true, networkConnectionEnabled: false, pageLoadStrategy: normal, platform: XP, platformName: XP, rotatable: false, setWindowRect: true, takesHeapSnapshot: true, takesScreenshot: true, unexpectedAlertBehaviour: , unhandledPromptBehavior: , version: 63.0.3239.84, webStorageEnabled: true}
Session ID: e7520d0f6ee7d85781382fd196895de5
	at java.base/jdk.internal.reflect.NativeConstructorAccessorImpl.newInstance0(Native Method)
	at java.base/jdk.internal.reflect.NativeConstructorAccessorImpl.newInstance(NativeConstructorAccessorImpl.java:62)
	at java.base/jdk.internal.reflect.DelegatingConstructorAccessorImpl.newInstance(DelegatingConstructorAccessorImpl.java:45)
	at java.base/java.lang.reflect.Constructor.newInstance(Constructor.java:488)
	at org.openqa.selenium.remote.ErrorHandler.createThrowable(ErrorHandler.java:214)
	at org.openqa.selenium.remote.ErrorHandler.throwIfResponseFailed(ErrorHandler.java:166)
	at org.openqa.selenium.remote.http.JsonHttpResponseCodec.reconstructValue(JsonHttpResponseCodec.java:40)
	at org.openqa.selenium.remote.http.AbstractHttpResponseCodec.decode(AbstractHttpResponseCodec.java:80)
	at org.openqa.selenium.remote.http.AbstractHttpResponseCodec.decode(AbstractHttpResponseCodec.java:44)
	at org.openqa.selenium.remote.HttpCommandExecutor.execute(HttpCommandExecutor.java:164)
	at org.openqa.selenium.remote.service.DriverCommandExecutor.execute(DriverCommandExecutor.java:83)
	at org.openqa.selenium.remote.RemoteWebDriver.execute(RemoteWebDriver.java:600)
	at org.openqa.selenium.remote.RemoteWebElement.execute(RemoteWebElement.java:279)
	at org.openqa.selenium.remote.RemoteWebElement.click(RemoteWebElement.java:83)
	at java.base/jdk.internal.reflect.NativeMethodAccessorImpl.invoke0(Native Method)
	at java.base/jdk.internal.reflect.NativeMethodAccessorImpl.invoke(NativeMethodAccessorImpl.java:62)
	at java.base/jdk.internal.reflect.DelegatingMethodAccessorImpl.invoke(DelegatingMethodAccessorImpl.java:43)
	at java.base/java.lang.reflect.Method.invoke(Method.java:564)
	at org.openqa.selenium.support.pagefactory.internal.LocatingElementHandler.invoke(LocatingElementHandler.java:51)
	at com.sun.proxy.$Proxy10.click(Unknown Source)
	at com.seller.qa.pages.CreatePODetailPage.fillPODetail(CreatePODetailPage.java:88)
	at com.seller.qa.tests.CreatePODetailTest.fillcorrectpodetail(CreatePODetailTest.java:38)
	at java.base/jdk.internal.reflect.NativeMethodAccessorImpl.invoke0(Native Method)
	at java.base/jdk.internal.reflect.NativeMethodAccessorImpl.invoke(NativeMethodAccessorImpl.java:62)
	at java.base/jdk.internal.reflect.DelegatingMethodAccessorImpl.invoke(DelegatingMethodAccessorImpl.java:43)
	at java.base/java.lang.reflect.Method.invoke(Method.java:564)
	at org.testng.internal.MethodInvocationHelper.invokeMethod(MethodInvocationHelper.java:108)
	at org.testng.internal.Invoker.invokeMethod(Invoker.java:661)
	at org.testng.internal.Invoker.invokeTestMethod(Invoker.java:869)
	at org.testng.internal.Invoker.invokeTestMethods(Invoker.java:1193)
	at org.testng.internal.TestMethodWorker.invokeTestMethods(TestMethodWorker.java:126)
	at org.testng.internal.TestMethodWorker.run(TestMethodWorker.java:109)
	at org.testng.TestRunner.privateRun(TestRunner.java:744)
	at org.testng.TestRunner.run(TestRunner.java:602)
	at org.testng.SuiteRunner.runTest(SuiteRunner.java:380)
	at org.testng.SuiteRunner.runSequentially(SuiteRunner.java:375)
	at org.testng.SuiteRunner.privateRun(SuiteRunner.java:340)
	at org.testng.SuiteRunner.run(SuiteRunner.java:289)
	at org.testng.SuiteRunnerWorker.runSuite(SuiteRunnerWorker.java:52)
	at org.testng.SuiteRunnerWorker.run(SuiteRunnerWorker.java:86)
	at org.testng.TestNG.runSuitesSequentially(TestNG.java:1301)
	at org.testng.TestNG.runSuitesLocally(TestNG.java:1226)
	at org.testng.TestNG.runSuites(TestNG.java:1144)
	at org.testng.TestNG.run(TestNG.java:1115)
	at org.apache.maven.surefire.testng.TestNGExecutor.run(TestNGExecutor.java:77)
	at org.apache.maven.surefire.testng.TestNGDirectoryTestSuite.executeMulti(TestNGDirectoryTestSuite.java:159)
	at org.apache.maven.surefire.testng.TestNGDirectoryTestSuite.execute(TestNGDirectoryTestSuite.java:99)
	at org.apache.maven.surefire.testng.TestNGProvider.invoke(TestNGProvider.java:106)
	at java.base/jdk.internal.reflect.NativeMethodAccessorImpl.invoke0(Native Method)
	at java.base/jdk.internal.reflect.NativeMethodAccessorImpl.invoke(NativeMethodAccessorImpl.java:62)
	at java.base/jdk.internal.reflect.DelegatingMethodAccessorImpl.invoke(DelegatingMethodAccessorImpl.java:43)
	at java.base/java.lang.reflect.Method.invoke(Method.java:564)
	at org.apache.maven.surefire.util.ReflectionUtils.invokeMethodWithArray(ReflectionUtils.java:189)
	at org.apache.maven.surefire.booter.ProviderFactory$ProviderProxy.invoke(ProviderFactory.java:165)
	at org.apache.maven.surefire.booter.ProviderFactory.invokeProvider(ProviderFactory.java:85)
	at org.apache.maven.surefire.booter.ForkedBooter.runSuitesInProcess(ForkedBooter.java:115)
	at org.apache.maven.surefire.booter.ForkedBooter.main(ForkedBooter.java:75)
]]>
            </full-stacktrace>
          </exception> <!-- org.openqa.selenium.WebDriverException -->
          <reporter-output>
          </reporter-output>
        </test-method> <!-- fillcorrectpodetail -->
        <test-method is-config="true" signature="teardown()[pri:0, instance:com.seller.qa.tests.CreatePODetailTest@72f926e6]" started-at="2018-01-17T13:12:25Z" name="teardown" finished-at="2018-01-17T13:12:26Z" duration-ms="1081" status="PASS">
          <reporter-output>
          </reporter-output>
        </test-method> <!-- teardown -->
      </class> <!-- com.seller.qa.tests.CreatePODetailTest -->
    </test> <!-- Command line test -->
  </suite> <!-- Command line suite -->
</testng-results>
