<?xml version="1.0" encoding="UTF-8"?>
<testng-results ignored="0" total="1" passed="1" failed="0" skipped="0">
  <reporter-output>
  </reporter-output>
  <suite started-at="2018-01-19T09:06:56Z" name="Default suite" finished-at="2018-01-19T09:06:58Z" duration-ms="1968">
    <groups>
    </groups>
    <test started-at="2018-01-19T09:06:56Z" name="Default test" finished-at="2018-01-19T09:06:58Z" duration-ms="1968">
      <class name="com.vinc.qa.tests.PostAPITest">
        <test-method is-config="true" signature="setUp()[pri:0, instance:com.vinc.qa.tests.PostAPITest@4e268090]" started-at="2018-01-19T14:36:56Z" name="setUp" finished-at="2018-01-19T14:36:56Z" duration-ms="22" status="PASS">
          <reporter-output>
          </reporter-output>
        </test-method> <!-- setUp -->
        <test-method signature="postTest()[pri:0, instance:com.vinc.qa.tests.PostAPITest@4e268090]" started-at="2018-01-19T14:36:56Z" name="postTest" finished-at="2018-01-19T14:36:58Z" duration-ms="1863" status="PASS">
          <reporter-output>
          </reporter-output>
        </test-method> <!-- postTest -->
      </class> <!-- com.vinc.qa.tests.PostAPITest -->
    </test> <!-- Default test -->
  </suite> <!-- Default suite -->
</testng-results>
